<?xml version="1.0" encoding="UTF-8"?>
<!-- Generated by org.testng.reporters.JUnitXMLReporter -->
<testsuite hostname="MXITD037" ignored="10" name="Smoke" tests="27" failures="2" timestamp="16 Dec 2019 10:22:38 GMT" time="342.368" errors="0">
  <testcase name="@AfterMethod aftertestmethod" time="0.001" classname="TEST.Test_DataProviderATSRegistration">
    <failure type="java.lang.NullPointerException">
      <![CDATA[java.lang.NullPointerException
at TEST.Test_DataProviderATSRegistration.aftertestmethod(Test_DataProviderATSRegistration.java:48)
... Removed 32 stack frames]]>
    </failure>
  </testcase> <!-- @AfterMethod aftertestmethod -->
  <testcase name="@AfterMethod aftertestmethod" time="0.0" classname="TEST.Test_DataProviderATSRegistration">
    <skipped/>
  </testcase> <!-- @AfterMethod aftertestmethod -->
  <testcase name="@AfterMethod aftertestmethod" time="0.0" classname="TEST.Test_DataProviderATSRegistration">
    <skipped/>
  </testcase> <!-- @AfterMethod aftertestmethod -->
  <testcase name="@AfterMethod aftertestmethod" time="0.0" classname="TEST.Test_DataProviderATSRegistration">
    <skipped/>
  </testcase> <!-- @AfterMethod aftertestmethod -->
  <testcase name="@AfterMethod aftertestmethod" time="0.0" classname="TEST.Test_DataProviderATSRegistration">
    <skipped/>
  </testcase> <!-- @AfterMethod aftertestmethod -->
  <testcase name="@AfterMethod aftertestmethod" time="0.0" classname="TEST.Test_DataProviderATSRegistration">
    <skipped/>
  </testcase> <!-- @AfterMethod aftertestmethod -->
  <testcase name="@AfterMethod aftertestmethod" time="0.0" classname="TEST.Test_DataProviderATSRegistration">
    <skipped/>
  </testcase> <!-- @AfterMethod aftertestmethod -->
  <testcase name="@AfterMethod aftertestmethod" time="0.0" classname="TEST.Test_DataProviderATSRegistration">
    <skipped/>
  </testcase> <!-- @AfterMethod aftertestmethod -->
  <testcase name="@AfterMethod aftertestmethod" time="0.0" classname="TEST.Test_DataProviderATSRegistration">
    <skipped/>
  </testcase> <!-- @AfterMethod aftertestmethod -->
  <testcase name="@AfterMethod aftertestmethod" time="0.0" classname="TEST.Test_DataProviderATSRegistration">
    <skipped/>
  </testcase> <!-- @AfterMethod aftertestmethod -->
  <testcase name="@AfterMethod aftertestmethod" time="0.0" classname="TEST.Test_DataProviderATSRegistration">
    <skipped/>
  </testcase> <!-- @AfterMethod aftertestmethod -->
  <testcase name="@AfterMethod aftertestmethod" time="0.0" classname="TEST.Test_DataProviderATSRegistration">
    <skipped/>
  </testcase> <!-- @AfterMethod aftertestmethod -->
  <testcase name="@AfterMethod aftertestmethod" time="0.0" classname="TEST.Test_DataProviderATSRegistration">
    <skipped/>
  </testcase> <!-- @AfterMethod aftertestmethod -->
  <testcase name="@AfterMethod aftertestmethod" time="0.0" classname="TEST.Test_DataProviderATSRegistration">
    <skipped/>
  </testcase> <!-- @AfterMethod aftertestmethod -->
  <testcase name="@AfterMethod aftertestmethod" time="0.0" classname="TEST.Test_DataProviderATSRegistration">
    <skipped/>
  </testcase> <!-- @AfterMethod aftertestmethod -->
  <testcase name="@AfterMethod aftertestmethod" time="0.0" classname="TEST.Test_DataProviderATSRegistration">
    <skipped/>
  </testcase> <!-- @AfterMethod aftertestmethod -->
  <testcase name="@AfterMethod aftertestmethod" time="0.0" classname="TEST.Test_DataProviderATSRegistration">
    <skipped/>
  </testcase> <!-- @AfterMethod aftertestmethod -->
  <testcase name="@AfterMethod aftertestmethod" time="0.0" classname="TEST.Test_DataProviderATSRegistration">
    <skipped/>
  </testcase> <!-- @AfterMethod aftertestmethod -->
  <testcase name="registration" time="3.314" classname="TEST.Test_ATS_Registration"/>
  <testcase name="login" time="7.551" classname="TEST.TestLogin"/>
  <testcase name="addCandidateManually" time="48.434" classname="TEST.Test_ATS_AddCandidate">
    <failure type="org.openqa.selenium.ElementNotInteractableException" message="element not interactable
  (Session info: chrome=79.0.3945.79)
Build info: version: &amp;apos;3.14.0&amp;apos;, revision: &amp;apos;aacccce0&amp;apos;, time: &amp;apos;2018-08-02T20:19:58.91Z&amp;apos;
System info: host: &amp;apos;MXITD037&amp;apos;, ip: &amp;apos;192.168.10.225&amp;apos;, os.name: &amp;apos;Windows 7&amp;apos;, os.arch: &amp;apos;x86&amp;apos;, os.version: &amp;apos;6.1&amp;apos;, java.version: &amp;apos;1.8.0_161&amp;apos;
Driver info: org.openqa.selenium.chrome.ChromeDriver
Capabilities {acceptInsecureCerts: false, browserName: chrome, browserVersion: 79.0.3945.79, chrome: {chromedriverVersion: 78.0.3904.70 (edb9c9f3de024..., userDataDir: C:\Users\AMOL~1.SHI\AppData...}, goog:chromeOptions: {debuggerAddress: localhost:53998}, javascriptEnabled: true, networkConnectionEnabled: false, pageLoadStrategy: normal, platform: XP, platformName: XP, proxy: Proxy(), setWindowRect: true, strictFileInteractability: false, timeouts: {implicit: 0, pageLoad: 300000, script: 30000}, unhandledPromptBehavior: dismiss and notify}
Session ID: 75e9d7535d6d9a5b9dac6b779fc312c3">
      <![CDATA[org.openqa.selenium.ElementNotInteractableException: element not interactable
  (Session info: chrome=79.0.3945.79)
Build info: version: '3.14.0', revision: 'aacccce0', time: '2018-08-02T20:19:58.91Z'
System info: host: 'MXITD037', ip: '192.168.10.225', os.name: 'Windows 7', os.arch: 'x86', os.version: '6.1', java.version: '1.8.0_161'
Driver info: org.openqa.selenium.chrome.ChromeDriver
Capabilities {acceptInsecureCerts: false, browserName: chrome, browserVersion: 79.0.3945.79, chrome: {chromedriverVersion: 78.0.3904.70 (edb9c9f3de024..., userDataDir: C:\Users\AMOL~1.SHI\AppData...}, goog:chromeOptions: {debuggerAddress: localhost:53998}, javascriptEnabled: true, networkConnectionEnabled: false, pageLoadStrategy: normal, platform: XP, platformName: XP, proxy: Proxy(), setWindowRect: true, strictFileInteractability: false, timeouts: {implicit: 0, pageLoad: 300000, script: 30000}, unhandledPromptBehavior: dismiss and notify}
Session ID: 75e9d7535d6d9a5b9dac6b779fc312c3
at org.openqa.selenium.remote.http.W3CHttpResponseCodec.createException(W3CHttpResponseCodec.java:187)
at org.openqa.selenium.remote.http.W3CHttpResponseCodec.decode(W3CHttpResponseCodec.java:122)
at org.openqa.selenium.remote.http.W3CHttpResponseCodec.decode(W3CHttpResponseCodec.java:49)
at org.openqa.selenium.remote.HttpCommandExecutor.execute(HttpCommandExecutor.java:158)
at org.openqa.selenium.remote.service.DriverCommandExecutor.execute(DriverCommandExecutor.java:83)
at org.openqa.selenium.remote.RemoteWebDriver.execute(RemoteWebDriver.java:548)
at org.openqa.selenium.remote.RemoteWebElement.execute(RemoteWebElement.java:276)
at org.openqa.selenium.remote.RemoteWebElement.click(RemoteWebElement.java:83)
at org.openqa.selenium.support.pagefactory.internal.LocatingElementHandler.invoke(LocatingElementHandler.java:51)
at com.sun.proxy.$Proxy13.click(Unknown Source)
at POM.Add_Candidate.selectJobType(Add_Candidate.java:113)
at TEST.Test_ATS_AddCandidate.addCandidateManually(Test_ATS_AddCandidate.java:31)
... Removed 37 stack frames]]>
    </failure>
  </testcase> <!-- addCandidateManually -->
  <testcase name="addJob" time="70.155" classname="TEST.Test_Add_Job"/>
  <testcase name="DD_Login_data" time="11.452" classname="TEST.TestDataProviderATSLogin"/>
  <testcase name="DD_Login_data" time="7.721" classname="TEST.TestDataProviderATSLogin"/>
  <testcase name="DD_Login_data" time="11.532" classname="TEST.TestDataProviderATSLogin"/>
  <testcase name="DD_Login_data" time="11.708" classname="TEST.TestDataProviderATSLogin"/>
  <testcase name="DD_Registration_data" time="3.292" classname="TEST.Test_DataProviderATSRegistration"/>
  <testcase name="DD_Registration_data" time="0.0" classname="TEST.Test_DataProviderATSRegistration">
    <skipped/>
  </testcase> <!-- DD_Registration_data -->
  <testcase name="DD_Registration_data" time="0.0" classname="TEST.Test_DataProviderATSRegistration">
    <skipped/>
  </testcase> <!-- DD_Registration_data -->
  <testcase name="DD_Registration_data" time="0.0" classname="TEST.Test_DataProviderATSRegistration">
    <skipped/>
  </testcase> <!-- DD_Registration_data -->
  <testcase name="DD_Registration_data" time="0.0" classname="TEST.Test_DataProviderATSRegistration">
    <skipped/>
  </testcase> <!-- DD_Registration_data -->
  <testcase name="DD_Registration_data" time="0.0" classname="TEST.Test_DataProviderATSRegistration">
    <skipped/>
  </testcase> <!-- DD_Registration_data -->
  <testcase name="DD_Registration_data" time="0.0" classname="TEST.Test_DataProviderATSRegistration">
    <skipped/>
  </testcase> <!-- DD_Registration_data -->
  <testcase name="DD_Registration_data" time="0.0" classname="TEST.Test_DataProviderATSRegistration">
    <skipped/>
  </testcase> <!-- DD_Registration_data -->
  <testcase name="DD_Registration_data" time="0.0" classname="TEST.Test_DataProviderATSRegistration">
    <skipped/>
  </testcase> <!-- DD_Registration_data -->
  <testcase name="DD_Registration_data" time="0.0" classname="TEST.Test_DataProviderATSRegistration">
    <skipped/>
  </testcase> <!-- DD_Registration_data -->
  <testcase name="DD_Registration_data" time="0.0" classname="TEST.Test_DataProviderATSRegistration">
    <skipped/>
  </testcase> <!-- DD_Registration_data -->
  <testcase name="DD_Registration_data" time="0.0" classname="TEST.Test_DataProviderATSRegistration">
    <skipped/>
  </testcase> <!-- DD_Registration_data -->
  <testcase name="DD_Registration_data" time="0.0" classname="TEST.Test_DataProviderATSRegistration">
    <skipped/>
  </testcase> <!-- DD_Registration_data -->
  <testcase name="DD_Registration_data" time="0.0" classname="TEST.Test_DataProviderATSRegistration">
    <skipped/>
  </testcase> <!-- DD_Registration_data -->
  <testcase name="DD_Registration_data" time="0.0" classname="TEST.Test_DataProviderATSRegistration">
    <skipped/>
  </testcase> <!-- DD_Registration_data -->
  <testcase name="DD_Registration_data" time="0.0" classname="TEST.Test_DataProviderATSRegistration">
    <skipped/>
  </testcase> <!-- DD_Registration_data -->
  <testcase name="DD_Registration_data" time="0.0" classname="TEST.Test_DataProviderATSRegistration">
    <skipped/>
  </testcase> <!-- DD_Registration_data -->
  <testcase name="DD_Registration_data" time="0.0" classname="TEST.Test_DataProviderATSRegistration">
    <skipped/>
  </testcase> <!-- DD_Registration_data -->
  <testcase name="resumeUpload" time="45.794" classname="TEST.Test_ATS_AddCandidate">
    <failure type="org.openqa.selenium.ElementNotInteractableException" message="element not interactable
  (Session info: chrome=79.0.3945.79)
Build info: version: &amp;apos;3.14.0&amp;apos;, revision: &amp;apos;aacccce0&amp;apos;, time: &amp;apos;2018-08-02T20:19:58.91Z&amp;apos;
System info: host: &amp;apos;MXITD037&amp;apos;, ip: &amp;apos;192.168.10.225&amp;apos;, os.name: &amp;apos;Windows 7&amp;apos;, os.arch: &amp;apos;x86&amp;apos;, os.version: &amp;apos;6.1&amp;apos;, java.version: &amp;apos;1.8.0_161&amp;apos;
Driver info: org.openqa.selenium.chrome.ChromeDriver
Capabilities {acceptInsecureCerts: false, browserName: chrome, browserVersion: 79.0.3945.79, chrome: {chromedriverVersion: 78.0.3904.70 (edb9c9f3de024..., userDataDir: C:\Users\AMOL~1.SHI\AppData...}, goog:chromeOptions: {debuggerAddress: localhost:54469}, javascriptEnabled: true, networkConnectionEnabled: false, pageLoadStrategy: normal, platform: XP, platformName: XP, proxy: Proxy(), setWindowRect: true, strictFileInteractability: false, timeouts: {implicit: 0, pageLoad: 300000, script: 30000}, unhandledPromptBehavior: dismiss and notify}
Session ID: d2a60c22d2e184d247fb3b095289e51a">
      <![CDATA[org.openqa.selenium.ElementNotInteractableException: element not interactable
  (Session info: chrome=79.0.3945.79)
Build info: version: '3.14.0', revision: 'aacccce0', time: '2018-08-02T20:19:58.91Z'
System info: host: 'MXITD037', ip: '192.168.10.225', os.name: 'Windows 7', os.arch: 'x86', os.version: '6.1', java.version: '1.8.0_161'
Driver info: org.openqa.selenium.chrome.ChromeDriver
Capabilities {acceptInsecureCerts: false, browserName: chrome, browserVersion: 79.0.3945.79, chrome: {chromedriverVersion: 78.0.3904.70 (edb9c9f3de024..., userDataDir: C:\Users\AMOL~1.SHI\AppData...}, goog:chromeOptions: {debuggerAddress: localhost:54469}, javascriptEnabled: true, networkConnectionEnabled: false, pageLoadStrategy: normal, platform: XP, platformName: XP, proxy: Proxy(), setWindowRect: true, strictFileInteractability: false, timeouts: {implicit: 0, pageLoad: 300000, script: 30000}, unhandledPromptBehavior: dismiss and notify}
Session ID: d2a60c22d2e184d247fb3b095289e51a
at org.openqa.selenium.remote.http.W3CHttpResponseCodec.createException(W3CHttpResponseCodec.java:187)
at org.openqa.selenium.remote.http.W3CHttpResponseCodec.decode(W3CHttpResponseCodec.java:122)
at org.openqa.selenium.remote.http.W3CHttpResponseCodec.decode(W3CHttpResponseCodec.java:49)
at org.openqa.selenium.remote.HttpCommandExecutor.execute(HttpCommandExecutor.java:158)
at org.openqa.selenium.remote.service.DriverCommandExecutor.execute(DriverCommandExecutor.java:83)
at org.openqa.selenium.remote.RemoteWebDriver.execute(RemoteWebDriver.java:548)
at org.openqa.selenium.remote.RemoteWebElement.execute(RemoteWebElement.java:276)
at org.openqa.selenium.remote.RemoteWebElement.click(RemoteWebElement.java:83)
at org.openqa.selenium.support.pagefactory.internal.LocatingElementHandler.invoke(LocatingElementHandler.java:51)
at com.sun.proxy.$Proxy13.click(Unknown Source)
at POM.Add_Candidate.selectJobType(Add_Candidate.java:113)
at TEST.Test_ATS_AddCandidate.resumeUpload(Test_ATS_AddCandidate.java:56)
... Removed 36 stack frames]]>
    </failure>
  </testcase> <!-- resumeUpload -->
  <testcase name="@BeforeTest startReport" time="0.0" classname="TEST.BaseTest">
    <ignored/>
  </testcase> <!-- @BeforeTest startReport -->
  <testcase name="@BeforeTest startReport" time="0.0" classname="TEST.BaseTest">
    <ignored/>
  </testcase> <!-- @BeforeTest startReport -->
  <testcase name="@BeforeTest startReport" time="0.0" classname="TEST.BaseTest">
    <ignored/>
  </testcase> <!-- @BeforeTest startReport -->
  <testcase name="@BeforeTest startReport" time="0.0" classname="TEST.BaseTest">
    <ignored/>
  </testcase> <!-- @BeforeTest startReport -->
  <testcase name="@BeforeTest startReport" time="0.0" classname="TEST.BaseTest">
    <ignored/>
  </testcase> <!-- @BeforeTest startReport -->
  <testcase name="@AfterTest endReport" time="0.0" classname="TEST.BaseTest">
    <ignored/>
  </testcase> <!-- @AfterTest endReport -->
  <testcase name="@AfterTest endReport" time="0.0" classname="TEST.BaseTest">
    <ignored/>
  </testcase> <!-- @AfterTest endReport -->
  <testcase name="@AfterTest endReport" time="0.0" classname="TEST.BaseTest">
    <ignored/>
  </testcase> <!-- @AfterTest endReport -->
  <testcase name="@AfterTest endReport" time="0.0" classname="TEST.BaseTest">
    <ignored/>
  </testcase> <!-- @AfterTest endReport -->
  <testcase name="@AfterTest endReport" time="0.0" classname="TEST.BaseTest">
    <ignored/>
  </testcase> <!-- @AfterTest endReport -->
</testsuite> <!-- Smoke -->
